<?xml version="1.0" encoding="UTF-8"?>
<project xmlns="http://maven.apache.org/POM/4.0.0"
         xmlns:xsi="http://www.w3.org/2001/XMLSchema-instance"
         xsi:schemaLocation="http://maven.apache.org/POM/4.0.0 http://maven.apache.org/xsd/maven-4.0.0.xsd">
    <modelVersion>4.0.0</modelVersion>

    <artifactId>test-pom</artifactId>

    <build>
        <plugins>
            <plugin>
                <groupId>de.qaware</groupId>
                <artifactId>json-schema-codegen-maven-plugin</artifactId>
                <configuration>
                    <targetPackage>de.qaware.test</targetPackage>
                    <sourceFolder>src/test/resources/json-schema</sourceFolder>
                    <targetFolder>target/test/generated-sources</targetFolder>
                    <language>java</language>
                </configuration>
            </plugin>
        </plugins>
    </build>

</project>